<?xml version="1.0" encoding="UTF-8"?>
<!-- Generated by org.testng.reporters.JUnitReportReporter -->
<testsuite hostname="LENOVO" name="tests.MainTest1Test" tests="1" failures="0" timestamp="26 Jul 2020 07:48:20 GMT" time="1.041" errors="0">
  <testcase name="logintest" time="1.041" classname="tests.MainTest1Test"/>
</testsuite> <!-- tests.MainTest1Test -->
